<?xml version="1.0" encoding="UTF-8"?>
<!-- Generated by org.testng.reporters.JUnitReportReporter -->
<testsuite hostname="jelenas-macbook-pro.home" failures="0" tests="10" name="practise.tests.ForgotPasswordValidation" time="43.651" errors="0" timestamp="2024-09-15T01:28:02 CEST" skipped="0">
  <testcase classname="practise.tests.ForgotPasswordValidation" name="invalidEntryWithoutPasswordInput" time="5.126"/>
  <testcase classname="practise.tests.ForgotPasswordValidation" name="loginButtonValidation" time="4.090"/>
  <testcase classname="practise.tests.ForgotPasswordValidation" name="mismatchPasswordAndConfirmPasswordFields" time="4.134"/>
  <testcase classname="practise.tests.ForgotPasswordValidation" name="invalidEntryWithoutConfirmPasswordInput" time="4.318"/>
  <testcase classname="practise.tests.ForgotPasswordValidation" name="invalidEntryWithoutEmailInput" time="3.812"/>
  <testcase classname="practise.tests.ForgotPasswordValidation" name="loginAfterPasswordResetValidation" time="4.794"/>
  <testcase classname="practise.tests.ForgotPasswordValidation" name="invalidEmailEntry" time="4.493"/>
  <testcase classname="practise.tests.ForgotPasswordValidation" name="registerButtonValidation" time="4.180"/>
  <testcase classname="practise.tests.ForgotPasswordValidation" name="forrgotPasswordValidation" time="4.520"/>
  <testcase classname="practise.tests.ForgotPasswordValidation" name="nonExistingUserEntry" time="4.184"/>
</testsuite> <!-- practise.tests.ForgotPasswordValidation -->
