<?xml version="1.0" encoding="UTF-8"?>
<!-- Generated by org.testng.reporters.JUnitReportReporter -->
<testsuite hostname="jelenas-macbook-pro.home" failures="0" tests="7" name="practise.tests.LoginInputsValidation" time="30.657" errors="0" timestamp="2024-09-15T02:38:40 CEST" skipped="0">
  <testcase classname="practise.tests.LoginInputsValidation" name="validInputsValidation" time="6.732"/>
  <testcase classname="practise.tests.LoginInputsValidation" name="invalidEntryWithoutEmailInput" time="2.051"/>
  <testcase classname="practise.tests.LoginInputsValidation" name="forgotPasswordButtonValidation" time="5.797"/>
  <testcase classname="practise.tests.LoginInputsValidation" name="registerButtonValidation" time="4.545"/>
  <testcase classname="practise.tests.LoginInputsValidation" name="invalidEmailEntry" time="4.209"/>
  <testcase classname="practise.tests.LoginInputsValidation" name="invalidEntriesTest" time="5.052"/>
  <testcase classname="practise.tests.LoginInputsValidation" name="invalidEntryWithoutPasswordInput" time="2.271"/>
</testsuite> <!-- practise.tests.LoginInputsValidation -->
